<?xml version="1.0" encoding="UTF-8"?>
<testsuite name="com.example.stadiumflow.StadiumflowApplicationTests" tests="2" skipped="0" failures="0" errors="0" timestamp="2026-04-14T18:52:20" hostname="MBP-JNVDJ7J3P7" time="0.421">
  <properties/>
  <testcase name="testMain()" classname="com.example.stadiumflow.StadiumflowApplicationTests" time="0.419"/>
  <testcase name="contextLoads()" classname="com.example.stadiumflow.StadiumflowApplicationTests" time="0.001"/>
  <system-out><![CDATA[00:22:18.603 [Test worker] DEBUG org.springframework.test.context.BootstrapUtils - Instantiating CacheAwareContextLoaderDelegate from class [org.springframework.test.context.cache.DefaultCacheAwareContextLoaderDelegate]
00:22:18.610 [Test worker] DEBUG org.springframework.test.context.BootstrapUtils - Instantiating BootstrapContext using constructor [public org.springframework.test.context.support.DefaultBootstrapContext(java.lang.Class,org.springframework.test.context.CacheAwareContextLoaderDelegate)]
00:22:18.630 [Test worker] DEBUG org.springframework.test.context.BootstrapUtils - Instantiating TestContextBootstrapper for test class [com.example.stadiumflow.StadiumflowApplicationTests] from class [org.springframework.boot.test.context.SpringBootTestContextBootstrapper]
00:22:18.636 [Test worker] INFO org.springframework.boot.test.context.SpringBootTestContextBootstrapper - Neither @ContextConfiguration nor @ContextHierarchy found for test class [com.example.stadiumflow.StadiumflowApplicationTests], using SpringBootContextLoader
00:22:18.638 [Test worker] DEBUG org.springframework.test.context.support.AbstractContextLoader - Did not detect default resource location for test class [com.example.stadiumflow.StadiumflowApplicationTests]: class path resource [com/example/stadiumflow/StadiumflowApplicationTests-context.xml] does not exist
00:22:18.639 [Test worker] DEBUG org.springframework.test.context.support.AbstractContextLoader - Did not detect default resource location for test class [com.example.stadiumflow.StadiumflowApplicationTests]: class path resource [com/example/stadiumflow/StadiumflowApplicationTestsContext.groovy] does not exist
00:22:18.639 [Test worker] INFO org.springframework.test.context.support.AbstractContextLoader - Could not detect default resource locations for test class [com.example.stadiumflow.StadiumflowApplicationTests]: no resource found for suffixes {-context.xml, Context.groovy}.
00:22:18.639 [Test worker] INFO org.springframework.test.context.support.AnnotationConfigContextLoaderUtils - Could not detect default configuration classes for test class [com.example.stadiumflow.StadiumflowApplicationTests]: StadiumflowApplicationTests does not declare any static, non-private, non-final, nested classes annotated with @Configuration.
00:22:18.659 [Test worker] DEBUG org.springframework.test.context.support.ActiveProfilesUtils - Could not find an 'annotation declaring class' for annotation type [org.springframework.test.context.ActiveProfiles] and class [com.example.stadiumflow.StadiumflowApplicationTests]
00:22:18.697 [Test worker] DEBUG org.springframework.context.annotation.ClassPathScanningCandidateComponentProvider - Identified candidate component class: file [/Users/pratikt/personal-workspace/physical_event_experience/build/classes/java/main/com/example/stadiumflow/StadiumflowApplication.class]
00:22:18.698 [Test worker] INFO org.springframework.boot.test.context.SpringBootTestContextBootstrapper - Found @SpringBootConfiguration com.example.stadiumflow.StadiumflowApplication for test class com.example.stadiumflow.StadiumflowApplicationTests
00:22:18.743 [Test worker] DEBUG org.springframework.boot.test.context.SpringBootTestContextBootstrapper - @TestExecutionListeners is not present for class [com.example.stadiumflow.StadiumflowApplicationTests]: using defaults.
00:22:18.743 [Test worker] INFO org.springframework.boot.test.context.SpringBootTestContextBootstrapper - Loaded default TestExecutionListener class names from location [META-INF/spring.factories]: [org.springframework.boot.test.autoconfigure.restdocs.RestDocsTestExecutionListener, org.springframework.boot.test.autoconfigure.web.client.MockRestServiceServerResetTestExecutionListener, org.springframework.boot.test.autoconfigure.web.servlet.MockMvcPrintOnlyOnFailureTestExecutionListener, org.springframework.boot.test.autoconfigure.web.servlet.WebDriverTestExecutionListener, org.springframework.boot.test.autoconfigure.webservices.client.MockWebServiceServerTestExecutionListener, org.springframework.boot.test.mock.mockito.MockitoTestExecutionListener, org.springframework.boot.test.mock.mockito.ResetMocksTestExecutionListener, org.springframework.test.context.web.ServletTestExecutionListener, org.springframework.test.context.support.DirtiesContextBeforeModesTestExecutionListener, org.springframework.test.context.event.ApplicationEventsTestExecutionListener, org.springframework.test.context.support.DependencyInjectionTestExecutionListener, org.springframework.test.context.support.DirtiesContextTestExecutionListener, org.springframework.test.context.transaction.TransactionalTestExecutionListener, org.springframework.test.context.jdbc.SqlScriptsTestExecutionListener, org.springframework.test.context.event.EventPublishingTestExecutionListener]
00:22:18.753 [Test worker] INFO org.springframework.boot.test.context.SpringBootTestContextBootstrapper - Using TestExecutionListeners: [org.springframework.test.context.web.ServletTestExecutionListener@d2e6b0b, org.springframework.test.context.support.DirtiesContextBeforeModesTestExecutionListener@1f1cddf3, org.springframework.test.context.event.ApplicationEventsTestExecutionListener@228bda54, org.springframework.boot.test.mock.mockito.MockitoTestExecutionListener@75b6dd5b, org.springframework.boot.test.autoconfigure.SpringBootDependencyInjectionTestExecutionListener@b3e86d5, org.springframework.test.context.support.DirtiesContextTestExecutionListener@72b43104, org.springframework.test.context.transaction.TransactionalTestExecutionListener@e111c7c, org.springframework.test.context.jdbc.SqlScriptsTestExecutionListener@4d0e54e0, org.springframework.test.context.event.EventPublishingTestExecutionListener@32f96bba, org.springframework.boot.test.autoconfigure.restdocs.RestDocsTestExecutionListener@611640f0, org.springframework.boot.test.autoconfigure.web.client.MockRestServiceServerResetTestExecutionListener@67e25252, org.springframework.boot.test.autoconfigure.web.servlet.MockMvcPrintOnlyOnFailureTestExecutionListener@58f4b31a, org.springframework.boot.test.autoconfigure.web.servlet.WebDriverTestExecutionListener@21a9a705, org.springframework.boot.test.autoconfigure.webservices.client.MockWebServiceServerTestExecutionListener@72eb6200, org.springframework.boot.test.mock.mockito.ResetMocksTestExecutionListener@76ececd]
00:22:18.755 [Test worker] DEBUG org.springframework.test.context.support.AbstractDirtiesContextTestExecutionListener - Before test class: context [DefaultTestContext@479111ba testClass = StadiumflowApplicationTests, testInstance = [null], testMethod = [null], testException = [null], mergedContextConfiguration = [WebMergedContextConfiguration@57ad1178 testClass = StadiumflowApplicationTests, locations = '{}', classes = '{class com.example.stadiumflow.StadiumflowApplication}', contextInitializerClasses = '[]', activeProfiles = '{}', propertySourceLocations = '{}', propertySourceProperties = '{org.springframework.boot.test.context.SpringBootTestContextBootstrapper=true}', contextCustomizers = set[org.springframework.boot.test.autoconfigure.actuate.metrics.MetricsExportContextCustomizerFactory$DisableMetricExportContextCustomizer@3ae0b770, org.springframework.boot.test.autoconfigure.properties.PropertyMappingContextCustomizer@0, org.springframework.boot.test.autoconfigure.web.servlet.WebDriverContextCustomizerFactory$Customizer@3659d7b1, org.springframework.boot.test.context.filter.ExcludeFilterContextCustomizer@1c758545, org.springframework.boot.test.json.DuplicateJsonObjectContextCustomizerFactory$DuplicateJsonObjectContextCustomizer@3ffb3598, org.springframework.boot.test.mock.mockito.MockitoContextCustomizer@0, org.springframework.boot.test.web.client.TestRestTemplateContextCustomizer@42d73c61, org.springframework.boot.test.context.SpringBootTestArgs@1, org.springframework.boot.test.context.SpringBootTestWebEnvironment@5b408dc3], resourceBasePath = 'src/main/webapp', contextLoader = 'org.springframework.boot.test.context.SpringBootContextLoader', parent = [null]], attributes = map['org.springframework.test.context.web.ServletTestExecutionListener.activateListener' -> true]], class annotated with @DirtiesContext [false] with mode [null].

  .   ____          _            __ _ _
 /\\ / ___'_ __ _ _(_)_ __  __ _ \ \ \ \
( ( )\___ | '_ | '_| | '_ \/ _` | \ \ \ \
 \\/  ___)| |_)| | | | | || (_| |  ) ) ) )
  '  |____| .__|_| |_|_| |_\__, | / / / /
 =========|_|==============|___/=/_/_/_/
 :: Spring Boot ::               (v2.7.18)

2026-04-15 00:22:18.915  INFO 90715 --- [    Test worker] c.e.s.StadiumflowApplicationTests        : Starting StadiumflowApplicationTests using Java 17.0.16 on MBP-JNVDJ7J3P7 with PID 90715 (started by pratikt in /Users/pratikt/personal-workspace/physical_event_experience)
2026-04-15 00:22:18.916  INFO 90715 --- [    Test worker] c.e.s.StadiumflowApplicationTests        : No active profile set, falling back to 1 default profile: "default"
2026-04-15 00:22:19.243  INFO 90715 --- [    Test worker] .s.d.r.c.RepositoryConfigurationDelegate : Bootstrapping Spring Data JPA repositories in DEFAULT mode.
2026-04-15 00:22:19.267  INFO 90715 --- [    Test worker] .s.d.r.c.RepositoryConfigurationDelegate : Finished Spring Data repository scanning in 20 ms. Found 2 JPA repository interfaces.
2026-04-15 00:22:19.506  INFO 90715 --- [    Test worker] o.hibernate.jpa.internal.util.LogHelper  : HHH000204: Processing PersistenceUnitInfo [name: default]
2026-04-15 00:22:19.535  INFO 90715 --- [    Test worker] org.hibernate.Version                    : HHH000412: Hibernate ORM core version 5.6.15.Final
2026-04-15 00:22:19.618  INFO 90715 --- [    Test worker] o.hibernate.annotations.common.Version   : HCANN000001: Hibernate Commons Annotations {5.1.2.Final}
2026-04-15 00:22:19.670  INFO 90715 --- [    Test worker] com.zaxxer.hikari.HikariDataSource       : HikariPool-1 - Starting...
2026-04-15 00:22:19.818  INFO 90715 --- [    Test worker] com.zaxxer.hikari.HikariDataSource       : HikariPool-1 - Start completed.
2026-04-15 00:22:19.829  INFO 90715 --- [    Test worker] org.hibernate.dialect.Dialect            : HHH000400: Using dialect: org.hibernate.dialect.H2Dialect
2026-04-15 00:22:20.132 DEBUG 90715 --- [    Test worker] org.hibernate.SQL                        : 
    
    create table concession_order (
       id bigint generated by default as identity,
        is_offline_mesh boolean not null,
        item_menu varchar(255),
        paid_price double not null,
        timestamp timestamp,
        zone_id varchar(255),
        primary key (id)
    )
Hibernate: 
    
    create table concession_order (
       id bigint generated by default as identity,
        is_offline_mesh boolean not null,
        item_menu varchar(255),
        paid_price double not null,
        timestamp timestamp,
        zone_id varchar(255),
        primary key (id)
    )
2026-04-15 00:22:20.136 DEBUG 90715 --- [    Test worker] org.hibernate.SQL                        : 
    
    create table zone (
       id varchar(255) not null,
        density integer not null,
        name varchar(255),
        wait_time integer not null,
        primary key (id)
    )
Hibernate: 
    
    create table zone (
       id varchar(255) not null,
        density integer not null,
        name varchar(255),
        wait_time integer not null,
        primary key (id)
    )
2026-04-15 00:22:20.137  INFO 90715 --- [    Test worker] o.h.e.t.j.p.i.JtaPlatformInitiator       : HHH000490: Using JtaPlatform implementation: [org.hibernate.engine.transaction.jta.platform.internal.NoJtaPlatform]
2026-04-15 00:22:20.141  INFO 90715 --- [    Test worker] j.LocalContainerEntityManagerFactoryBean : Initialized JPA EntityManagerFactory for persistence unit 'default'
2026-04-15 00:22:20.280 DEBUG 90715 --- [    Test worker] org.hibernate.SQL                        : 
    select
        zone0_.id as id1_1_0_,
        zone0_.density as density2_1_0_,
        zone0_.name as name3_1_0_,
        zone0_.wait_time as wait_tim4_1_0_ 
    from
        zone zone0_ 
    where
        zone0_.id=?
Hibernate: 
    select
        zone0_.id as id1_1_0_,
        zone0_.density as density2_1_0_,
        zone0_.name as name3_1_0_,
        zone0_.wait_time as wait_tim4_1_0_ 
    from
        zone zone0_ 
    where
        zone0_.id=?
2026-04-15 00:22:20.282 TRACE 90715 --- [    Test worker] o.h.type.descriptor.sql.BasicBinder      : binding parameter [1] as [VARCHAR] - [Gate_A]
2026-04-15 00:22:20.293 DEBUG 90715 --- [    Test worker] org.hibernate.SQL                        : 
    insert 
    into
        zone
        (density, name, wait_time, id) 
    values
        (?, ?, ?, ?)
Hibernate: 
    insert 
    into
        zone
        (density, name, wait_time, id) 
    values
        (?, ?, ?, ?)
2026-04-15 00:22:20.294 TRACE 90715 --- [    Test worker] o.h.type.descriptor.sql.BasicBinder      : binding parameter [1] as [INTEGER] - [20]
2026-04-15 00:22:20.294 TRACE 90715 --- [    Test worker] o.h.type.descriptor.sql.BasicBinder      : binding parameter [2] as [VARCHAR] - [Gate A]
2026-04-15 00:22:20.294 TRACE 90715 --- [    Test worker] o.h.type.descriptor.sql.BasicBinder      : binding parameter [3] as [INTEGER] - [5]
2026-04-15 00:22:20.294 TRACE 90715 --- [    Test worker] o.h.type.descriptor.sql.BasicBinder      : binding parameter [4] as [VARCHAR] - [Gate_A]
2026-04-15 00:22:20.296 DEBUG 90715 --- [    Test worker] org.hibernate.SQL                        : 
    select
        zone0_.id as id1_1_0_,
        zone0_.density as density2_1_0_,
        zone0_.name as name3_1_0_,
        zone0_.wait_time as wait_tim4_1_0_ 
    from
        zone zone0_ 
    where
        zone0_.id=?
Hibernate: 
    select
        zone0_.id as id1_1_0_,
        zone0_.density as density2_1_0_,
        zone0_.name as name3_1_0_,
        zone0_.wait_time as wait_tim4_1_0_ 
    from
        zone zone0_ 
    where
        zone0_.id=?
2026-04-15 00:22:20.296 TRACE 90715 --- [    Test worker] o.h.type.descriptor.sql.BasicBinder      : binding parameter [1] as [VARCHAR] - [Gate_C]
2026-04-15 00:22:20.297 DEBUG 90715 --- [    Test worker] org.hibernate.SQL                        : 
    insert 
    into
        zone
        (density, name, wait_time, id) 
    values
        (?, ?, ?, ?)
Hibernate: 
    insert 
    into
        zone
        (density, name, wait_time, id) 
    values
        (?, ?, ?, ?)
2026-04-15 00:22:20.297 TRACE 90715 --- [    Test worker] o.h.type.descriptor.sql.BasicBinder      : binding parameter [1] as [INTEGER] - [20]
2026-04-15 00:22:20.297 TRACE 90715 --- [    Test worker] o.h.type.descriptor.sql.BasicBinder      : binding parameter [2] as [VARCHAR] - [Gate C]
2026-04-15 00:22:20.297 TRACE 90715 --- [    Test worker] o.h.type.descriptor.sql.BasicBinder      : binding parameter [3] as [INTEGER] - [5]
2026-04-15 00:22:20.297 TRACE 90715 --- [    Test worker] o.h.type.descriptor.sql.BasicBinder      : binding parameter [4] as [VARCHAR] - [Gate_C]
2026-04-15 00:22:20.298 DEBUG 90715 --- [    Test worker] org.hibernate.SQL                        : 
    select
        zone0_.id as id1_1_0_,
        zone0_.density as density2_1_0_,
        zone0_.name as name3_1_0_,
        zone0_.wait_time as wait_tim4_1_0_ 
    from
        zone zone0_ 
    where
        zone0_.id=?
Hibernate: 
    select
        zone0_.id as id1_1_0_,
        zone0_.density as density2_1_0_,
        zone0_.name as name3_1_0_,
        zone0_.wait_time as wait_tim4_1_0_ 
    from
        zone zone0_ 
    where
        zone0_.id=?
2026-04-15 00:22:20.298 TRACE 90715 --- [    Test worker] o.h.type.descriptor.sql.BasicBinder      : binding parameter [1] as [VARCHAR] - [Section_112]
2026-04-15 00:22:20.298 DEBUG 90715 --- [    Test worker] org.hibernate.SQL                        : 
    insert 
    into
        zone
        (density, name, wait_time, id) 
    values
        (?, ?, ?, ?)
Hibernate: 
    insert 
    into
        zone
        (density, name, wait_time, id) 
    values
        (?, ?, ?, ?)
2026-04-15 00:22:20.299 TRACE 90715 --- [    Test worker] o.h.type.descriptor.sql.BasicBinder      : binding parameter [1] as [INTEGER] - [20]
2026-04-15 00:22:20.299 TRACE 90715 --- [    Test worker] o.h.type.descriptor.sql.BasicBinder      : binding parameter [2] as [VARCHAR] - [Section 112]
2026-04-15 00:22:20.299 TRACE 90715 --- [    Test worker] o.h.type.descriptor.sql.BasicBinder      : binding parameter [3] as [INTEGER] - [5]
2026-04-15 00:22:20.299 TRACE 90715 --- [    Test worker] o.h.type.descriptor.sql.BasicBinder      : binding parameter [4] as [VARCHAR] - [Section_112]
2026-04-15 00:22:20.299 DEBUG 90715 --- [    Test worker] org.hibernate.SQL                        : 
    select
        zone0_.id as id1_1_0_,
        zone0_.density as density2_1_0_,
        zone0_.name as name3_1_0_,
        zone0_.wait_time as wait_tim4_1_0_ 
    from
        zone zone0_ 
    where
        zone0_.id=?
Hibernate: 
    select
        zone0_.id as id1_1_0_,
        zone0_.density as density2_1_0_,
        zone0_.name as name3_1_0_,
        zone0_.wait_time as wait_tim4_1_0_ 
    from
        zone zone0_ 
    where
        zone0_.id=?
2026-04-15 00:22:20.299 TRACE 90715 --- [    Test worker] o.h.type.descriptor.sql.BasicBinder      : binding parameter [1] as [VARCHAR] - [Section_120]
2026-04-15 00:22:20.300 DEBUG 90715 --- [    Test worker] org.hibernate.SQL                        : 
    insert 
    into
        zone
        (density, name, wait_time, id) 
    values
        (?, ?, ?, ?)
Hibernate: 
    insert 
    into
        zone
        (density, name, wait_time, id) 
    values
        (?, ?, ?, ?)
2026-04-15 00:22:20.300 TRACE 90715 --- [    Test worker] o.h.type.descriptor.sql.BasicBinder      : binding parameter [1] as [INTEGER] - [20]
2026-04-15 00:22:20.300 TRACE 90715 --- [    Test worker] o.h.type.descriptor.sql.BasicBinder      : binding parameter [2] as [VARCHAR] - [Section 120]
2026-04-15 00:22:20.300 TRACE 90715 --- [    Test worker] o.h.type.descriptor.sql.BasicBinder      : binding parameter [3] as [INTEGER] - [5]
2026-04-15 00:22:20.300 TRACE 90715 --- [    Test worker] o.h.type.descriptor.sql.BasicBinder      : binding parameter [4] as [VARCHAR] - [Section_120]
✅ JPA: Initialized 4 Stadium Zones in H2 Database.
2026-04-15 00:22:20.395  WARN 90715 --- [    Test worker] JpaBaseConfiguration$JpaWebConfiguration : spring.jpa.open-in-view is enabled by default. Therefore, database queries may be performed during view rendering. Explicitly configure spring.jpa.open-in-view to disable this warning
2026-04-15 00:22:20.493  INFO 90715 --- [    Test worker] o.s.b.a.h2.H2ConsoleAutoConfiguration    : H2 console available at '/h2-console'. Database available at 'jdbc:h2:mem:stadiumdb'
2026-04-15 00:22:20.496  INFO 90715 --- [    Test worker] o.s.b.a.w.s.WelcomePageHandlerMapping    : Adding welcome page: class path resource [static/index.html]
2026-04-15 00:22:20.591  INFO 90715 --- [    Test worker] c.e.s.StadiumflowApplicationTests        : Started StadiumflowApplicationTests in 1.811 seconds (JVM running for 2.453)
2026-04-15 00:22:20.651 DEBUG 90715 --- [   scheduling-1] org.hibernate.SQL                        : 
    select
        zone0_.id as id1_1_,
        zone0_.density as density2_1_,
        zone0_.name as name3_1_,
        zone0_.wait_time as wait_tim4_1_ 
    from
        zone zone0_
Hibernate: 
    select
        zone0_.id as id1_1_,
        zone0_.density as density2_1_,
        zone0_.name as name3_1_,
        zone0_.wait_time as wait_tim4_1_ 
    from
        zone zone0_
2026-04-15 00:22:20.655 DEBUG 90715 --- [   scheduling-1] org.hibernate.SQL                        : 
    select
        zone0_.id as id1_1_0_,
        zone0_.density as density2_1_0_,
        zone0_.name as name3_1_0_,
        zone0_.wait_time as wait_tim4_1_0_ 
    from
        zone zone0_ 
    where
        zone0_.id=?
Hibernate: 
    select
        zone0_.id as id1_1_0_,
        zone0_.density as density2_1_0_,
        zone0_.name as name3_1_0_,
        zone0_.wait_time as wait_tim4_1_0_ 
    from
        zone zone0_ 
    where
        zone0_.id=?
2026-04-15 00:22:20.656 TRACE 90715 --- [   scheduling-1] o.h.type.descriptor.sql.BasicBinder      : binding parameter [1] as [VARCHAR] - [Gate_A]
2026-04-15 00:22:20.657 DEBUG 90715 --- [   scheduling-1] org.hibernate.SQL                        : 
    select
        zone0_.id as id1_1_0_,
        zone0_.density as density2_1_0_,
        zone0_.name as name3_1_0_,
        zone0_.wait_time as wait_tim4_1_0_ 
    from
        zone zone0_ 
    where
        zone0_.id=?
Hibernate: 
    select
        zone0_.id as id1_1_0_,
        zone0_.density as density2_1_0_,
        zone0_.name as name3_1_0_,
        zone0_.wait_time as wait_tim4_1_0_ 
    from
        zone zone0_ 
    where
        zone0_.id=?
2026-04-15 00:22:20.657 TRACE 90715 --- [   scheduling-1] o.h.type.descriptor.sql.BasicBinder      : binding parameter [1] as [VARCHAR] - [Gate_C]
2026-04-15 00:22:20.658 DEBUG 90715 --- [   scheduling-1] org.hibernate.SQL                        : 
    update
        zone 
    set
        density=?,
        name=?,
        wait_time=? 
    where
        id=?
Hibernate: 
    update
        zone 
    set
        density=?,
        name=?,
        wait_time=? 
    where
        id=?
2026-04-15 00:22:20.659 TRACE 90715 --- [   scheduling-1] o.h.type.descriptor.sql.BasicBinder      : binding parameter [1] as [INTEGER] - [20]
2026-04-15 00:22:20.659 TRACE 90715 --- [   scheduling-1] o.h.type.descriptor.sql.BasicBinder      : binding parameter [2] as [VARCHAR] - [Gate C]
2026-04-15 00:22:20.659 TRACE 90715 --- [   scheduling-1] o.h.type.descriptor.sql.BasicBinder      : binding parameter [3] as [INTEGER] - [3]
2026-04-15 00:22:20.659 TRACE 90715 --- [   scheduling-1] o.h.type.descriptor.sql.BasicBinder      : binding parameter [4] as [VARCHAR] - [Gate_C]
2026-04-15 00:22:20.660 DEBUG 90715 --- [   scheduling-1] org.hibernate.SQL                        : 
    select
        zone0_.id as id1_1_0_,
        zone0_.density as density2_1_0_,
        zone0_.name as name3_1_0_,
        zone0_.wait_time as wait_tim4_1_0_ 
    from
        zone zone0_ 
    where
        zone0_.id=?
Hibernate: 
    select
        zone0_.id as id1_1_0_,
        zone0_.density as density2_1_0_,
        zone0_.name as name3_1_0_,
        zone0_.wait_time as wait_tim4_1_0_ 
    from
        zone zone0_ 
    where
        zone0_.id=?
2026-04-15 00:22:20.661 TRACE 90715 --- [   scheduling-1] o.h.type.descriptor.sql.BasicBinder      : binding parameter [1] as [VARCHAR] - [Section_112]
2026-04-15 00:22:20.661 DEBUG 90715 --- [   scheduling-1] org.hibernate.SQL                        : 
    update
        zone 
    set
        density=?,
        name=?,
        wait_time=? 
    where
        id=?
Hibernate: 
    update
        zone 
    set
        density=?,
        name=?,
        wait_time=? 
    where
        id=?
2026-04-15 00:22:20.661 TRACE 90715 --- [   scheduling-1] o.h.type.descriptor.sql.BasicBinder      : binding parameter [1] as [INTEGER] - [20]
2026-04-15 00:22:20.661 TRACE 90715 --- [   scheduling-1] o.h.type.descriptor.sql.BasicBinder      : binding parameter [2] as [VARCHAR] - [Section 112]
2026-04-15 00:22:20.662 TRACE 90715 --- [   scheduling-1] o.h.type.descriptor.sql.BasicBinder      : binding parameter [3] as [INTEGER] - [14]
2026-04-15 00:22:20.662 TRACE 90715 --- [   scheduling-1] o.h.type.descriptor.sql.BasicBinder      : binding parameter [4] as [VARCHAR] - [Section_112]
2026-04-15 00:22:20.663 DEBUG 90715 --- [   scheduling-1] org.hibernate.SQL                        : 
    select
        zone0_.id as id1_1_0_,
        zone0_.density as density2_1_0_,
        zone0_.name as name3_1_0_,
        zone0_.wait_time as wait_tim4_1_0_ 
    from
        zone zone0_ 
    where
        zone0_.id=?
Hibernate: 
    select
        zone0_.id as id1_1_0_,
        zone0_.density as density2_1_0_,
        zone0_.name as name3_1_0_,
        zone0_.wait_time as wait_tim4_1_0_ 
    from
        zone zone0_ 
    where
        zone0_.id=?
2026-04-15 00:22:20.663 TRACE 90715 --- [   scheduling-1] o.h.type.descriptor.sql.BasicBinder      : binding parameter [1] as [VARCHAR] - [Section_120]
2026-04-15 00:22:20.664 DEBUG 90715 --- [   scheduling-1] org.hibernate.SQL                        : 
    update
        zone 
    set
        density=?,
        name=?,
        wait_time=? 
    where
        id=?
Hibernate: 
    update
        zone 
    set
        density=?,
        name=?,
        wait_time=? 
    where
        id=?
2026-04-15 00:22:20.664 TRACE 90715 --- [   scheduling-1] o.h.type.descriptor.sql.BasicBinder      : binding parameter [1] as [INTEGER] - [20]
2026-04-15 00:22:20.664 TRACE 90715 --- [   scheduling-1] o.h.type.descriptor.sql.BasicBinder      : binding parameter [2] as [VARCHAR] - [Section 120]
2026-04-15 00:22:20.665 TRACE 90715 --- [   scheduling-1] o.h.type.descriptor.sql.BasicBinder      : binding parameter [3] as [INTEGER] - [18]
2026-04-15 00:22:20.665 TRACE 90715 --- [   scheduling-1] o.h.type.descriptor.sql.BasicBinder      : binding parameter [4] as [VARCHAR] - [Section_120]
2026-04-15 00:22:20.666 DEBUG 90715 --- [   scheduling-1] org.hibernate.SQL                        : 
    select
        zone0_.id as id1_1_,
        zone0_.density as density2_1_,
        zone0_.name as name3_1_,
        zone0_.wait_time as wait_tim4_1_ 
    from
        zone zone0_
Hibernate: 
    select
        zone0_.id as id1_1_,
        zone0_.density as density2_1_,
        zone0_.name as name3_1_,
        zone0_.wait_time as wait_tim4_1_ 
    from
        zone zone0_

  .   ____          _            __ _ _
 /\\ / ___'_ __ _ _(_)_ __  __ _ \ \ \ \
( ( )\___ | '_ | '_| | '_ \/ _` | \ \ \ \
 \\/  ___)| |_)| | | | | || (_| |  ) ) ) )
  '  |____| .__|_| |_|_| |_\__, | / / / /
 =========|_|==============|___/=/_/_/_/
 :: Spring Boot ::               (v2.7.18)

2026-04-15 00:22:20.686  INFO 90715 --- [    Test worker] c.e.stadiumflow.StadiumflowApplication   : Starting StadiumflowApplication using Java 17.0.16 on MBP-JNVDJ7J3P7 with PID 90715 (started by pratikt in /Users/pratikt/personal-workspace/physical_event_experience)
2026-04-15 00:22:20.686  INFO 90715 --- [    Test worker] c.e.stadiumflow.StadiumflowApplication   : No active profile set, falling back to 1 default profile: "default"
2026-04-15 00:22:20.734  INFO 90715 --- [    Test worker] .s.d.r.c.RepositoryConfigurationDelegate : Bootstrapping Spring Data JPA repositories in DEFAULT mode.
2026-04-15 00:22:20.737  INFO 90715 --- [    Test worker] .s.d.r.c.RepositoryConfigurationDelegate : Finished Spring Data repository scanning in 2 ms. Found 2 JPA repository interfaces.
2026-04-15 00:22:20.823  INFO 90715 --- [    Test worker] o.s.b.w.embedded.tomcat.TomcatWebServer  : Tomcat initialized with port(s): 8081 (http)
2026-04-15 00:22:20.828  INFO 90715 --- [    Test worker] o.apache.catalina.core.StandardService   : Starting service [Tomcat]
2026-04-15 00:22:20.828  INFO 90715 --- [    Test worker] org.apache.catalina.core.StandardEngine  : Starting Servlet engine: [Apache Tomcat/9.0.83]
2026-04-15 00:22:20.880  INFO 90715 --- [    Test worker] o.a.c.c.C.[Tomcat].[localhost].[/]       : Initializing Spring embedded WebApplicationContext
2026-04-15 00:22:20.880  INFO 90715 --- [    Test worker] w.s.c.ServletWebServerApplicationContext : Root WebApplicationContext: initialization completed in 194 ms
2026-04-15 00:22:20.887  INFO 90715 --- [    Test worker] com.zaxxer.hikari.HikariDataSource       : HikariPool-2 - Starting...
2026-04-15 00:22:20.888  INFO 90715 --- [    Test worker] com.zaxxer.hikari.HikariDataSource       : HikariPool-2 - Start completed.
2026-04-15 00:22:20.888  INFO 90715 --- [    Test worker] o.s.b.a.h2.H2ConsoleAutoConfiguration    : H2 console available at '/h2-console'. Database available at 'jdbc:h2:mem:stadiumdb'
2026-04-15 00:22:20.914  INFO 90715 --- [    Test worker] o.hibernate.jpa.internal.util.LogHelper  : HHH000204: Processing PersistenceUnitInfo [name: default]
2026-04-15 00:22:20.916  INFO 90715 --- [    Test worker] org.hibernate.dialect.Dialect            : HHH000400: Using dialect: org.hibernate.dialect.H2Dialect
2026-04-15 00:22:20.932  INFO 90715 --- [    Test worker] o.h.e.t.j.p.i.JtaPlatformInitiator       : HHH000490: Using JtaPlatform implementation: [org.hibernate.engine.transaction.jta.platform.internal.NoJtaPlatform]
2026-04-15 00:22:20.933  INFO 90715 --- [    Test worker] j.LocalContainerEntityManagerFactoryBean : Initialized JPA EntityManagerFactory for persistence unit 'default'
2026-04-15 00:22:20.949 DEBUG 90715 --- [    Test worker] org.hibernate.SQL                        : 
    select
        zone0_.id as id1_1_0_,
        zone0_.density as density2_1_0_,
        zone0_.name as name3_1_0_,
        zone0_.wait_time as wait_tim4_1_0_ 
    from
        zone zone0_ 
    where
        zone0_.id=?
Hibernate: 
    select
        zone0_.id as id1_1_0_,
        zone0_.density as density2_1_0_,
        zone0_.name as name3_1_0_,
        zone0_.wait_time as wait_tim4_1_0_ 
    from
        zone zone0_ 
    where
        zone0_.id=?
2026-04-15 00:22:20.949 TRACE 90715 --- [    Test worker] o.h.type.descriptor.sql.BasicBinder      : binding parameter [1] as [VARCHAR] - [Gate_A]
2026-04-15 00:22:20.951 DEBUG 90715 --- [    Test worker] org.hibernate.SQL                        : 
    select
        zone0_.id as id1_1_0_,
        zone0_.density as density2_1_0_,
        zone0_.name as name3_1_0_,
        zone0_.wait_time as wait_tim4_1_0_ 
    from
        zone zone0_ 
    where
        zone0_.id=?
Hibernate: 
    select
        zone0_.id as id1_1_0_,
        zone0_.density as density2_1_0_,
        zone0_.name as name3_1_0_,
        zone0_.wait_time as wait_tim4_1_0_ 
    from
        zone zone0_ 
    where
        zone0_.id=?
2026-04-15 00:22:20.951 TRACE 90715 --- [    Test worker] o.h.type.descriptor.sql.BasicBinder      : binding parameter [1] as [VARCHAR] - [Gate_C]
2026-04-15 00:22:20.951 DEBUG 90715 --- [    Test worker] org.hibernate.SQL                        : 
    update
        zone 
    set
        density=?,
        name=?,
        wait_time=? 
    where
        id=?
Hibernate: 
    update
        zone 
    set
        density=?,
        name=?,
        wait_time=? 
    where
        id=?
2026-04-15 00:22:20.951 TRACE 90715 --- [    Test worker] o.h.type.descriptor.sql.BasicBinder      : binding parameter [1] as [INTEGER] - [20]
2026-04-15 00:22:20.951 TRACE 90715 --- [    Test worker] o.h.type.descriptor.sql.BasicBinder      : binding parameter [2] as [VARCHAR] - [Gate C]
2026-04-15 00:22:20.951 TRACE 90715 --- [    Test worker] o.h.type.descriptor.sql.BasicBinder      : binding parameter [3] as [INTEGER] - [5]
2026-04-15 00:22:20.951 TRACE 90715 --- [    Test worker] o.h.type.descriptor.sql.BasicBinder      : binding parameter [4] as [VARCHAR] - [Gate_C]
2026-04-15 00:22:20.952 DEBUG 90715 --- [    Test worker] org.hibernate.SQL                        : 
    select
        zone0_.id as id1_1_0_,
        zone0_.density as density2_1_0_,
        zone0_.name as name3_1_0_,
        zone0_.wait_time as wait_tim4_1_0_ 
    from
        zone zone0_ 
    where
        zone0_.id=?
Hibernate: 
    select
        zone0_.id as id1_1_0_,
        zone0_.density as density2_1_0_,
        zone0_.name as name3_1_0_,
        zone0_.wait_time as wait_tim4_1_0_ 
    from
        zone zone0_ 
    where
        zone0_.id=?
2026-04-15 00:22:20.952 TRACE 90715 --- [    Test worker] o.h.type.descriptor.sql.BasicBinder      : binding parameter [1] as [VARCHAR] - [Section_112]
2026-04-15 00:22:20.952 DEBUG 90715 --- [    Test worker] org.hibernate.SQL                        : 
    update
        zone 
    set
        density=?,
        name=?,
        wait_time=? 
    where
        id=?
Hibernate: 
    update
        zone 
    set
        density=?,
        name=?,
        wait_time=? 
    where
        id=?
2026-04-15 00:22:20.953 TRACE 90715 --- [    Test worker] o.h.type.descriptor.sql.BasicBinder      : binding parameter [1] as [INTEGER] - [20]
2026-04-15 00:22:20.953 TRACE 90715 --- [    Test worker] o.h.type.descriptor.sql.BasicBinder      : binding parameter [2] as [VARCHAR] - [Section 112]
2026-04-15 00:22:20.953 TRACE 90715 --- [    Test worker] o.h.type.descriptor.sql.BasicBinder      : binding parameter [3] as [INTEGER] - [5]
2026-04-15 00:22:20.953 TRACE 90715 --- [    Test worker] o.h.type.descriptor.sql.BasicBinder      : binding parameter [4] as [VARCHAR] - [Section_112]
2026-04-15 00:22:20.953 DEBUG 90715 --- [    Test worker] org.hibernate.SQL                        : 
    select
        zone0_.id as id1_1_0_,
        zone0_.density as density2_1_0_,
        zone0_.name as name3_1_0_,
        zone0_.wait_time as wait_tim4_1_0_ 
    from
        zone zone0_ 
    where
        zone0_.id=?
Hibernate: 
    select
        zone0_.id as id1_1_0_,
        zone0_.density as density2_1_0_,
        zone0_.name as name3_1_0_,
        zone0_.wait_time as wait_tim4_1_0_ 
    from
        zone zone0_ 
    where
        zone0_.id=?
2026-04-15 00:22:20.953 TRACE 90715 --- [    Test worker] o.h.type.descriptor.sql.BasicBinder      : binding parameter [1] as [VARCHAR] - [Section_120]
2026-04-15 00:22:20.954 DEBUG 90715 --- [    Test worker] org.hibernate.SQL                        : 
    update
        zone 
    set
        density=?,
        name=?,
        wait_time=? 
    where
        id=?
Hibernate: 
    update
        zone 
    set
        density=?,
        name=?,
        wait_time=? 
    where
        id=?
2026-04-15 00:22:20.954 TRACE 90715 --- [    Test worker] o.h.type.descriptor.sql.BasicBinder      : binding parameter [1] as [INTEGER] - [20]
2026-04-15 00:22:20.954 TRACE 90715 --- [    Test worker] o.h.type.descriptor.sql.BasicBinder      : binding parameter [2] as [VARCHAR] - [Section 120]
2026-04-15 00:22:20.954 TRACE 90715 --- [    Test worker] o.h.type.descriptor.sql.BasicBinder      : binding parameter [3] as [INTEGER] - [5]
2026-04-15 00:22:20.954 TRACE 90715 --- [    Test worker] o.h.type.descriptor.sql.BasicBinder      : binding parameter [4] as [VARCHAR] - [Section_120]
✅ JPA: Initialized 4 Stadium Zones in H2 Database.
2026-04-15 00:22:20.970  WARN 90715 --- [    Test worker] JpaBaseConfiguration$JpaWebConfiguration : spring.jpa.open-in-view is enabled by default. Therefore, database queries may be performed during view rendering. Explicitly configure spring.jpa.open-in-view to disable this warning
2026-04-15 00:22:20.987  INFO 90715 --- [    Test worker] o.s.b.a.w.s.WelcomePageHandlerMapping    : Adding welcome page: class path resource [static/index.html]
2026-04-15 00:22:21.012  INFO 90715 --- [    Test worker] o.s.b.w.embedded.tomcat.TomcatWebServer  : Tomcat started on port(s): 8081 (http) with context path ''
2026-04-15 00:22:21.014  INFO 90715 --- [    Test worker] c.e.stadiumflow.StadiumflowApplication   : Started StadiumflowApplication in 0.338 seconds (JVM running for 2.876)
2026-04-15 00:22:21.015 DEBUG 90715 --- [   scheduling-1] org.hibernate.SQL                        : 
    select
        zone0_.id as id1_1_,
        zone0_.density as density2_1_,
        zone0_.name as name3_1_,
        zone0_.wait_time as wait_tim4_1_ 
    from
        zone zone0_
Hibernate: 
    select
        zone0_.id as id1_1_,
        zone0_.density as density2_1_,
        zone0_.name as name3_1_,
        zone0_.wait_time as wait_tim4_1_ 
    from
        zone zone0_
2026-04-15 00:22:21.017 DEBUG 90715 --- [   scheduling-1] org.hibernate.SQL                        : 
    select
        zone0_.id as id1_1_0_,
        zone0_.density as density2_1_0_,
        zone0_.name as name3_1_0_,
        zone0_.wait_time as wait_tim4_1_0_ 
    from
        zone zone0_ 
    where
        zone0_.id=?
Hibernate: 
    select
        zone0_.id as id1_1_0_,
        zone0_.density as density2_1_0_,
        zone0_.name as name3_1_0_,
        zone0_.wait_time as wait_tim4_1_0_ 
    from
        zone zone0_ 
    where
        zone0_.id=?
2026-04-15 00:22:21.017 TRACE 90715 --- [   scheduling-1] o.h.type.descriptor.sql.BasicBinder      : binding parameter [1] as [VARCHAR] - [Gate_A]
2026-04-15 00:22:21.017 DEBUG 90715 --- [   scheduling-1] org.hibernate.SQL                        : 
    update
        zone 
    set
        density=?,
        name=?,
        wait_time=? 
    where
        id=?
Hibernate: 
    update
        zone 
    set
        density=?,
        name=?,
        wait_time=? 
    where
        id=?
2026-04-15 00:22:21.017 TRACE 90715 --- [   scheduling-1] o.h.type.descriptor.sql.BasicBinder      : binding parameter [1] as [INTEGER] - [20]
2026-04-15 00:22:21.017 TRACE 90715 --- [   scheduling-1] o.h.type.descriptor.sql.BasicBinder      : binding parameter [2] as [VARCHAR] - [Gate A]
2026-04-15 00:22:21.018 TRACE 90715 --- [   scheduling-1] o.h.type.descriptor.sql.BasicBinder      : binding parameter [3] as [INTEGER] - [24]
2026-04-15 00:22:21.018 TRACE 90715 --- [   scheduling-1] o.h.type.descriptor.sql.BasicBinder      : binding parameter [4] as [VARCHAR] - [Gate_A]
2026-04-15 00:22:21.018 DEBUG 90715 --- [   scheduling-1] org.hibernate.SQL                        : 
    select
        zone0_.id as id1_1_0_,
        zone0_.density as density2_1_0_,
        zone0_.name as name3_1_0_,
        zone0_.wait_time as wait_tim4_1_0_ 
    from
        zone zone0_ 
    where
        zone0_.id=?
Hibernate: 
    select
        zone0_.id as id1_1_0_,
        zone0_.density as density2_1_0_,
        zone0_.name as name3_1_0_,
        zone0_.wait_time as wait_tim4_1_0_ 
    from
        zone zone0_ 
    where
        zone0_.id=?
2026-04-15 00:22:21.018 TRACE 90715 --- [   scheduling-1] o.h.type.descriptor.sql.BasicBinder      : binding parameter [1] as [VARCHAR] - [Gate_C]
2026-04-15 00:22:21.019 DEBUG 90715 --- [   scheduling-1] org.hibernate.SQL                        : 
    update
        zone 
    set
        density=?,
        name=?,
        wait_time=? 
    where
        id=?
Hibernate: 
    update
        zone 
    set
        density=?,
        name=?,
        wait_time=? 
    where
        id=?
2026-04-15 00:22:21.019 TRACE 90715 --- [   scheduling-1] o.h.type.descriptor.sql.BasicBinder      : binding parameter [1] as [INTEGER] - [20]
2026-04-15 00:22:21.019 TRACE 90715 --- [   scheduling-1] o.h.type.descriptor.sql.BasicBinder      : binding parameter [2] as [VARCHAR] - [Gate C]
2026-04-15 00:22:21.019 TRACE 90715 --- [   scheduling-1] o.h.type.descriptor.sql.BasicBinder      : binding parameter [3] as [INTEGER] - [27]
2026-04-15 00:22:21.019 TRACE 90715 --- [   scheduling-1] o.h.type.descriptor.sql.BasicBinder      : binding parameter [4] as [VARCHAR] - [Gate_C]
2026-04-15 00:22:21.020 DEBUG 90715 --- [   scheduling-1] org.hibernate.SQL                        : 
    select
        zone0_.id as id1_1_0_,
        zone0_.density as density2_1_0_,
        zone0_.name as name3_1_0_,
        zone0_.wait_time as wait_tim4_1_0_ 
    from
        zone zone0_ 
    where
        zone0_.id=?
Hibernate: 
    select
        zone0_.id as id1_1_0_,
        zone0_.density as density2_1_0_,
        zone0_.name as name3_1_0_,
        zone0_.wait_time as wait_tim4_1_0_ 
    from
        zone zone0_ 
    where
        zone0_.id=?
2026-04-15 00:22:21.020 TRACE 90715 --- [   scheduling-1] o.h.type.descriptor.sql.BasicBinder      : binding parameter [1] as [VARCHAR] - [Section_112]
2026-04-15 00:22:21.020 DEBUG 90715 --- [   scheduling-1] org.hibernate.SQL                        : 
    update
        zone 
    set
        density=?,
        name=?,
        wait_time=? 
    where
        id=?
Hibernate: 
    update
        zone 
    set
        density=?,
        name=?,
        wait_time=? 
    where
        id=?
2026-04-15 00:22:21.020 TRACE 90715 --- [   scheduling-1] o.h.type.descriptor.sql.BasicBinder      : binding parameter [1] as [INTEGER] - [20]
2026-04-15 00:22:21.020 TRACE 90715 --- [   scheduling-1] o.h.type.descriptor.sql.BasicBinder      : binding parameter [2] as [VARCHAR] - [Section 112]
2026-04-15 00:22:21.020 TRACE 90715 --- [   scheduling-1] o.h.type.descriptor.sql.BasicBinder      : binding parameter [3] as [INTEGER] - [12]
2026-04-15 00:22:21.020 TRACE 90715 --- [   scheduling-1] o.h.type.descriptor.sql.BasicBinder      : binding parameter [4] as [VARCHAR] - [Section_112]
2026-04-15 00:22:21.021 DEBUG 90715 --- [   scheduling-1] org.hibernate.SQL                        : 
    select
        zone0_.id as id1_1_0_,
        zone0_.density as density2_1_0_,
        zone0_.name as name3_1_0_,
        zone0_.wait_time as wait_tim4_1_0_ 
    from
        zone zone0_ 
    where
        zone0_.id=?
Hibernate: 
    select
        zone0_.id as id1_1_0_,
        zone0_.density as density2_1_0_,
        zone0_.name as name3_1_0_,
        zone0_.wait_time as wait_tim4_1_0_ 
    from
        zone zone0_ 
    where
        zone0_.id=?
2026-04-15 00:22:21.021 TRACE 90715 --- [   scheduling-1] o.h.type.descriptor.sql.BasicBinder      : binding parameter [1] as [VARCHAR] - [Section_120]
]]></system-out>
  <system-err><![CDATA[]]></system-err>
</testsuite>
