<?xml version="1.0" encoding="UTF-8"?>
<testsuite name="com.example.stadiumflow.service.IoTServiceTest" tests="4" skipped="0" failures="0" errors="0" timestamp="2026-04-14T18:52:21" hostname="MBP-JNVDJ7J3P7" time="0.016">
  <properties/>
  <testcase name="testStreamIoTData()" classname="com.example.stadiumflow.service.IoTServiceTest" time="0.001"/>
  <testcase name="testSimulateSensorDataAndSaveToDB()" classname="com.example.stadiumflow.service.IoTServiceTest" time="0.001"/>
  <testcase name="testSeedDatabase()" classname="com.example.stadiumflow.service.IoTServiceTest" time="0.001"/>
  <testcase name="testSimulateSensorDataAndSaveToDB_ExceptionPath()" classname="com.example.stadiumflow.service.IoTServiceTest" time="0.013"/>
  <system-out><![CDATA[✅ JPA: Initialized 4 Stadium Zones in H2 Database.
]]></system-out>
  <system-err><![CDATA[]]></system-err>
</testsuite>
