<?xml version="1.0" encoding="UTF-8"?>
<testsuite name="com.example.stadiumflow.ZoneRepositoryTest" tests="2" skipped="0" failures="0" errors="0" timestamp="2026-04-14T18:52:21" hostname="MBP-JNVDJ7J3P7" time="0.039">
  <properties/>
  <testcase name="testCreateAndFindZone()" classname="com.example.stadiumflow.ZoneRepositoryTest" time="0.034"/>
  <testcase name="testUpdateWaitTime()" classname="com.example.stadiumflow.ZoneRepositoryTest" time="0.004"/>
  <system-out><![CDATA[2026-04-15 00:22:21.022 DEBUG 90715 --- [   scheduling-1] org.hibernate.SQL                        : 
    select
        zone0_.id as id1_1_,
        zone0_.density as density2_1_,
        zone0_.name as name3_1_,
        zone0_.wait_time as wait_tim4_1_ 
    from
        zone zone0_
Hibernate: 
    select
        zone0_.id as id1_1_,
        zone0_.density as density2_1_,
        zone0_.name as name3_1_,
        zone0_.wait_time as wait_tim4_1_ 
    from
        zone zone0_
2026-04-15 00:22:21.023  INFO 90715 --- [    Test worker] b.t.a.o.j.DataJpaTestContextBootstrapper : Neither @ContextConfiguration nor @ContextHierarchy found for test class [com.example.stadiumflow.ZoneRepositoryTest], using SpringBootContextLoader
2026-04-15 00:22:21.023  INFO 90715 --- [    Test worker] o.s.t.c.support.AbstractContextLoader    : Could not detect default resource locations for test class [com.example.stadiumflow.ZoneRepositoryTest]: no resource found for suffixes {-context.xml, Context.groovy}.
2026-04-15 00:22:21.023  INFO 90715 --- [    Test worker] t.c.s.AnnotationConfigContextLoaderUtils : Could not detect default configuration classes for test class [com.example.stadiumflow.ZoneRepositoryTest]: ZoneRepositoryTest does not declare any static, non-private, non-final, nested classes annotated with @Configuration.
2026-04-15 00:22:21.029  INFO 90715 --- [    Test worker] .b.t.c.SpringBootTestContextBootstrapper : Found @SpringBootConfiguration com.example.stadiumflow.StadiumflowApplication for test class com.example.stadiumflow.ZoneRepositoryTest
2026-04-15 00:22:21.029  INFO 90715 --- [    Test worker] b.t.a.o.j.DataJpaTestContextBootstrapper : Loaded default TestExecutionListener class names from location [META-INF/spring.factories]: [org.springframework.boot.test.autoconfigure.restdocs.RestDocsTestExecutionListener, org.springframework.boot.test.autoconfigure.web.client.MockRestServiceServerResetTestExecutionListener, org.springframework.boot.test.autoconfigure.web.servlet.MockMvcPrintOnlyOnFailureTestExecutionListener, org.springframework.boot.test.autoconfigure.web.servlet.WebDriverTestExecutionListener, org.springframework.boot.test.autoconfigure.webservices.client.MockWebServiceServerTestExecutionListener, org.springframework.boot.test.mock.mockito.MockitoTestExecutionListener, org.springframework.boot.test.mock.mockito.ResetMocksTestExecutionListener, org.springframework.test.context.web.ServletTestExecutionListener, org.springframework.test.context.support.DirtiesContextBeforeModesTestExecutionListener, org.springframework.test.context.event.ApplicationEventsTestExecutionListener, org.springframework.test.context.support.DependencyInjectionTestExecutionListener, org.springframework.test.context.support.DirtiesContextTestExecutionListener, org.springframework.test.context.transaction.TransactionalTestExecutionListener, org.springframework.test.context.jdbc.SqlScriptsTestExecutionListener, org.springframework.test.context.event.EventPublishingTestExecutionListener]
2026-04-15 00:22:21.029  INFO 90715 --- [    Test worker] b.t.a.o.j.DataJpaTestContextBootstrapper : Using TestExecutionListeners: [org.springframework.test.context.web.ServletTestExecutionListener@4354490d, org.springframework.test.context.support.DirtiesContextBeforeModesTestExecutionListener@24aa7410, org.springframework.test.context.event.ApplicationEventsTestExecutionListener@1f1d480e, org.springframework.boot.test.mock.mockito.MockitoTestExecutionListener@30a8db01, org.springframework.boot.test.autoconfigure.SpringBootDependencyInjectionTestExecutionListener@51d5f038, org.springframework.test.context.support.DirtiesContextTestExecutionListener@26a814e6, org.springframework.test.context.transaction.TransactionalTestExecutionListener@53006505, org.springframework.test.context.jdbc.SqlScriptsTestExecutionListener@2586ccb7, org.springframework.test.context.event.EventPublishingTestExecutionListener@5bacbc0f, org.springframework.boot.test.autoconfigure.restdocs.RestDocsTestExecutionListener@3d458cb8, org.springframework.boot.test.autoconfigure.web.client.MockRestServiceServerResetTestExecutionListener@6d3dee58, org.springframework.boot.test.autoconfigure.web.servlet.MockMvcPrintOnlyOnFailureTestExecutionListener@7e4d743c, org.springframework.boot.test.autoconfigure.web.servlet.WebDriverTestExecutionListener@40bfe33e, org.springframework.boot.test.autoconfigure.webservices.client.MockWebServiceServerTestExecutionListener@518e87dd, org.springframework.boot.test.mock.mockito.ResetMocksTestExecutionListener@5343ec9a]

  .   ____          _            __ _ _
 /\\ / ___'_ __ _ _(_)_ __  __ _ \ \ \ \
( ( )\___ | '_ | '_| | '_ \/ _` | \ \ \ \
 \\/  ___)| |_)| | | | | || (_| |  ) ) ) )
  '  |____| .__|_| |_|_| |_\__, | / / / /
 =========|_|==============|___/=/_/_/_/
 :: Spring Boot ::               (v2.7.18)

2026-04-15 00:22:21.037  INFO 90715 --- [    Test worker] c.e.stadiumflow.ZoneRepositoryTest       : Starting ZoneRepositoryTest using Java 17.0.16 on MBP-JNVDJ7J3P7 with PID 90715 (started by pratikt in /Users/pratikt/personal-workspace/physical_event_experience)
2026-04-15 00:22:21.037  INFO 90715 --- [    Test worker] c.e.stadiumflow.ZoneRepositoryTest       : No active profile set, falling back to 1 default profile: "default"
2026-04-15 00:22:21.057  INFO 90715 --- [    Test worker] .s.d.r.c.RepositoryConfigurationDelegate : Bootstrapping Spring Data JPA repositories in DEFAULT mode.
2026-04-15 00:22:21.059  INFO 90715 --- [    Test worker] .s.d.r.c.RepositoryConfigurationDelegate : Finished Spring Data repository scanning in 2 ms. Found 2 JPA repository interfaces.
2026-04-15 00:22:21.063  INFO 90715 --- [    Test worker] beddedDataSourceBeanFactoryPostProcessor : Replacing 'dataSource' DataSource bean with embedded version
2026-04-15 00:22:21.076  INFO 90715 --- [    Test worker] o.s.j.d.e.EmbeddedDatabaseFactory        : Starting embedded database: url='jdbc:h2:mem:ac50b949-fde5-4c16-ac3e-4951fac7e6e4;DB_CLOSE_DELAY=-1;DB_CLOSE_ON_EXIT=false', username='sa'
2026-04-15 00:22:21.086  INFO 90715 --- [    Test worker] o.hibernate.jpa.internal.util.LogHelper  : HHH000204: Processing PersistenceUnitInfo [name: default]
2026-04-15 00:22:21.088  INFO 90715 --- [    Test worker] org.hibernate.dialect.Dialect            : HHH000400: Using dialect: org.hibernate.dialect.H2Dialect
2026-04-15 00:22:21.102 DEBUG 90715 --- [    Test worker] org.hibernate.SQL                        : 
    
    create table concession_order (
       id bigint generated by default as identity,
        is_offline_mesh boolean not null,
        item_menu varchar(255),
        paid_price double not null,
        timestamp timestamp,
        zone_id varchar(255),
        primary key (id)
    )
Hibernate: 
    
    create table concession_order (
       id bigint generated by default as identity,
        is_offline_mesh boolean not null,
        item_menu varchar(255),
        paid_price double not null,
        timestamp timestamp,
        zone_id varchar(255),
        primary key (id)
    )
2026-04-15 00:22:21.103 DEBUG 90715 --- [    Test worker] org.hibernate.SQL                        : 
    
    create table zone (
       id varchar(255) not null,
        density integer not null,
        name varchar(255),
        wait_time integer not null,
        primary key (id)
    )
Hibernate: 
    
    create table zone (
       id varchar(255) not null,
        density integer not null,
        name varchar(255),
        wait_time integer not null,
        primary key (id)
    )
2026-04-15 00:22:21.103  INFO 90715 --- [    Test worker] o.h.e.t.j.p.i.JtaPlatformInitiator       : HHH000490: Using JtaPlatform implementation: [org.hibernate.engine.transaction.jta.platform.internal.NoJtaPlatform]
2026-04-15 00:22:21.104  INFO 90715 --- [    Test worker] j.LocalContainerEntityManagerFactoryBean : Initialized JPA EntityManagerFactory for persistence unit 'default'
2026-04-15 00:22:21.140  INFO 90715 --- [    Test worker] c.e.stadiumflow.ZoneRepositoryTest       : Started ZoneRepositoryTest in 0.11 seconds (JVM running for 3.002)
2026-04-15 00:22:21.144  INFO 90715 --- [    Test worker] o.s.t.c.transaction.TransactionContext   : Began transaction (1) for test context [DefaultTestContext@61fe8807 testClass = ZoneRepositoryTest, testInstance = com.example.stadiumflow.ZoneRepositoryTest@6a6dd3d6, testMethod = testCreateAndFindZone@ZoneRepositoryTest, testException = [null], mergedContextConfiguration = [MergedContextConfiguration@310fb4d5 testClass = ZoneRepositoryTest, locations = '{}', classes = '{class com.example.stadiumflow.StadiumflowApplication}', contextInitializerClasses = '[]', activeProfiles = '{}', propertySourceLocations = '{}', propertySourceProperties = '{org.springframework.boot.test.autoconfigure.orm.jpa.DataJpaTestContextBootstrapper=true}', contextCustomizers = set[org.springframework.boot.test.autoconfigure.OverrideAutoConfigurationContextCustomizerFactory$DisableAutoConfigurationContextCustomizer@e6342de, org.springframework.boot.test.autoconfigure.actuate.metrics.MetricsExportContextCustomizerFactory$DisableMetricExportContextCustomizer@3ae0b770, org.springframework.boot.test.autoconfigure.filter.TypeExcludeFiltersContextCustomizer@351584c0, org.springframework.boot.test.autoconfigure.properties.PropertyMappingContextCustomizer@c2b3dad9, org.springframework.boot.test.autoconfigure.web.servlet.WebDriverContextCustomizerFactory$Customizer@3659d7b1, [ImportsContextCustomizer@15114c44 key = [org.springframework.boot.autoconfigure.transaction.TransactionAutoConfiguration, org.springframework.boot.autoconfigure.data.jpa.JpaRepositoriesAutoConfiguration, org.springframework.boot.autoconfigure.jdbc.DataSourceAutoConfiguration, org.springframework.boot.test.autoconfigure.orm.jpa.TestEntityManagerAutoConfiguration, org.springframework.boot.autoconfigure.cache.CacheAutoConfiguration, org.springframework.boot.autoconfigure.orm.jpa.HibernateJpaAutoConfiguration, org.springframework.boot.autoconfigure.sql.init.SqlInitializationAutoConfiguration, org.springframework.boot.autoconfigure.jdbc.JdbcTemplateAutoConfiguration, org.springframework.boot.test.autoconfigure.jdbc.TestDatabaseAutoConfiguration, org.springframework.boot.autoconfigure.flyway.FlywayAutoConfiguration, org.springframework.boot.autoconfigure.jdbc.DataSourceTransactionManagerAutoConfiguration, org.springframework.boot.autoconfigure.liquibase.LiquibaseAutoConfiguration]], org.springframework.boot.test.context.filter.ExcludeFilterContextCustomizer@1c758545, org.springframework.boot.test.json.DuplicateJsonObjectContextCustomizerFactory$DuplicateJsonObjectContextCustomizer@3ffb3598, org.springframework.boot.test.mock.mockito.MockitoContextCustomizer@0, org.springframework.boot.test.context.SpringBootTestArgs@1, org.springframework.boot.test.context.SpringBootTestWebEnvironment@0], contextLoader = 'org.springframework.boot.test.context.SpringBootContextLoader', parent = [null]], attributes = map['org.springframework.test.context.event.ApplicationEventsTestExecutionListener.recordApplicationEvents' -> false]]; transaction manager [org.springframework.orm.jpa.JpaTransactionManager@7d291fed]; rollback [true]
2026-04-15 00:22:21.146 DEBUG 90715 --- [    Test worker] org.hibernate.SQL                        : 
    select
        zone0_.id as id1_1_0_,
        zone0_.density as density2_1_0_,
        zone0_.name as name3_1_0_,
        zone0_.wait_time as wait_tim4_1_0_ 
    from
        zone zone0_ 
    where
        zone0_.id=?
Hibernate: 
    select
        zone0_.id as id1_1_0_,
        zone0_.density as density2_1_0_,
        zone0_.name as name3_1_0_,
        zone0_.wait_time as wait_tim4_1_0_ 
    from
        zone zone0_ 
    where
        zone0_.id=?
2026-04-15 00:22:21.146 TRACE 90715 --- [    Test worker] o.h.type.descriptor.sql.BasicBinder      : binding parameter [1] as [VARCHAR] - [Gate_X]
2026-04-15 00:22:21.176  INFO 90715 --- [    Test worker] o.s.t.c.transaction.TransactionContext   : Rolled back transaction for test: [DefaultTestContext@61fe8807 testClass = ZoneRepositoryTest, testInstance = com.example.stadiumflow.ZoneRepositoryTest@6a6dd3d6, testMethod = testCreateAndFindZone@ZoneRepositoryTest, testException = [null], mergedContextConfiguration = [MergedContextConfiguration@310fb4d5 testClass = ZoneRepositoryTest, locations = '{}', classes = '{class com.example.stadiumflow.StadiumflowApplication}', contextInitializerClasses = '[]', activeProfiles = '{}', propertySourceLocations = '{}', propertySourceProperties = '{org.springframework.boot.test.autoconfigure.orm.jpa.DataJpaTestContextBootstrapper=true}', contextCustomizers = set[org.springframework.boot.test.autoconfigure.OverrideAutoConfigurationContextCustomizerFactory$DisableAutoConfigurationContextCustomizer@e6342de, org.springframework.boot.test.autoconfigure.actuate.metrics.MetricsExportContextCustomizerFactory$DisableMetricExportContextCustomizer@3ae0b770, org.springframework.boot.test.autoconfigure.filter.TypeExcludeFiltersContextCustomizer@351584c0, org.springframework.boot.test.autoconfigure.properties.PropertyMappingContextCustomizer@c2b3dad9, org.springframework.boot.test.autoconfigure.web.servlet.WebDriverContextCustomizerFactory$Customizer@3659d7b1, [ImportsContextCustomizer@15114c44 key = [org.springframework.boot.autoconfigure.transaction.TransactionAutoConfiguration, org.springframework.boot.autoconfigure.data.jpa.JpaRepositoriesAutoConfiguration, org.springframework.boot.autoconfigure.jdbc.DataSourceAutoConfiguration, org.springframework.boot.test.autoconfigure.orm.jpa.TestEntityManagerAutoConfiguration, org.springframework.boot.autoconfigure.cache.CacheAutoConfiguration, org.springframework.boot.autoconfigure.orm.jpa.HibernateJpaAutoConfiguration, org.springframework.boot.autoconfigure.sql.init.SqlInitializationAutoConfiguration, org.springframework.boot.autoconfigure.jdbc.JdbcTemplateAutoConfiguration, org.springframework.boot.test.autoconfigure.jdbc.TestDatabaseAutoConfiguration, org.springframework.boot.autoconfigure.flyway.FlywayAutoConfiguration, org.springframework.boot.autoconfigure.jdbc.DataSourceTransactionManagerAutoConfiguration, org.springframework.boot.autoconfigure.liquibase.LiquibaseAutoConfiguration]], org.springframework.boot.test.context.filter.ExcludeFilterContextCustomizer@1c758545, org.springframework.boot.test.json.DuplicateJsonObjectContextCustomizerFactory$DuplicateJsonObjectContextCustomizer@3ffb3598, org.springframework.boot.test.mock.mockito.MockitoContextCustomizer@0, org.springframework.boot.test.context.SpringBootTestArgs@1, org.springframework.boot.test.context.SpringBootTestWebEnvironment@0], contextLoader = 'org.springframework.boot.test.context.SpringBootContextLoader', parent = [null]], attributes = map['org.springframework.test.context.event.ApplicationEventsTestExecutionListener.recordApplicationEvents' -> false]]
2026-04-15 00:22:21.178  INFO 90715 --- [    Test worker] o.s.t.c.transaction.TransactionContext   : Began transaction (1) for test context [DefaultTestContext@61fe8807 testClass = ZoneRepositoryTest, testInstance = com.example.stadiumflow.ZoneRepositoryTest@5fa9dc45, testMethod = testUpdateWaitTime@ZoneRepositoryTest, testException = [null], mergedContextConfiguration = [MergedContextConfiguration@310fb4d5 testClass = ZoneRepositoryTest, locations = '{}', classes = '{class com.example.stadiumflow.StadiumflowApplication}', contextInitializerClasses = '[]', activeProfiles = '{}', propertySourceLocations = '{}', propertySourceProperties = '{org.springframework.boot.test.autoconfigure.orm.jpa.DataJpaTestContextBootstrapper=true}', contextCustomizers = set[org.springframework.boot.test.autoconfigure.OverrideAutoConfigurationContextCustomizerFactory$DisableAutoConfigurationContextCustomizer@e6342de, org.springframework.boot.test.autoconfigure.actuate.metrics.MetricsExportContextCustomizerFactory$DisableMetricExportContextCustomizer@3ae0b770, org.springframework.boot.test.autoconfigure.filter.TypeExcludeFiltersContextCustomizer@351584c0, org.springframework.boot.test.autoconfigure.properties.PropertyMappingContextCustomizer@c2b3dad9, org.springframework.boot.test.autoconfigure.web.servlet.WebDriverContextCustomizerFactory$Customizer@3659d7b1, [ImportsContextCustomizer@15114c44 key = [org.springframework.boot.autoconfigure.transaction.TransactionAutoConfiguration, org.springframework.boot.autoconfigure.data.jpa.JpaRepositoriesAutoConfiguration, org.springframework.boot.autoconfigure.jdbc.DataSourceAutoConfiguration, org.springframework.boot.test.autoconfigure.orm.jpa.TestEntityManagerAutoConfiguration, org.springframework.boot.autoconfigure.cache.CacheAutoConfiguration, org.springframework.boot.autoconfigure.orm.jpa.HibernateJpaAutoConfiguration, org.springframework.boot.autoconfigure.sql.init.SqlInitializationAutoConfiguration, org.springframework.boot.autoconfigure.jdbc.JdbcTemplateAutoConfiguration, org.springframework.boot.test.autoconfigure.jdbc.TestDatabaseAutoConfiguration, org.springframework.boot.autoconfigure.flyway.FlywayAutoConfiguration, org.springframework.boot.autoconfigure.jdbc.DataSourceTransactionManagerAutoConfiguration, org.springframework.boot.autoconfigure.liquibase.LiquibaseAutoConfiguration]], org.springframework.boot.test.context.filter.ExcludeFilterContextCustomizer@1c758545, org.springframework.boot.test.json.DuplicateJsonObjectContextCustomizerFactory$DuplicateJsonObjectContextCustomizer@3ffb3598, org.springframework.boot.test.mock.mockito.MockitoContextCustomizer@0, org.springframework.boot.test.context.SpringBootTestArgs@1, org.springframework.boot.test.context.SpringBootTestWebEnvironment@0], contextLoader = 'org.springframework.boot.test.context.SpringBootContextLoader', parent = [null]], attributes = map['org.springframework.test.context.event.ApplicationEventsTestExecutionListener.recordApplicationEvents' -> false]]; transaction manager [org.springframework.orm.jpa.JpaTransactionManager@7d291fed]; rollback [true]
2026-04-15 00:22:21.179 DEBUG 90715 --- [    Test worker] org.hibernate.SQL                        : 
    select
        zone0_.id as id1_1_0_,
        zone0_.density as density2_1_0_,
        zone0_.name as name3_1_0_,
        zone0_.wait_time as wait_tim4_1_0_ 
    from
        zone zone0_ 
    where
        zone0_.id=?
Hibernate: 
    select
        zone0_.id as id1_1_0_,
        zone0_.density as density2_1_0_,
        zone0_.name as name3_1_0_,
        zone0_.wait_time as wait_tim4_1_0_ 
    from
        zone zone0_ 
    where
        zone0_.id=?
2026-04-15 00:22:21.179 TRACE 90715 --- [    Test worker] o.h.type.descriptor.sql.BasicBinder      : binding parameter [1] as [VARCHAR] - [Gate_A]
2026-04-15 00:22:21.181  INFO 90715 --- [    Test worker] o.s.t.c.transaction.TransactionContext   : Rolled back transaction for test: [DefaultTestContext@61fe8807 testClass = ZoneRepositoryTest, testInstance = com.example.stadiumflow.ZoneRepositoryTest@5fa9dc45, testMethod = testUpdateWaitTime@ZoneRepositoryTest, testException = [null], mergedContextConfiguration = [MergedContextConfiguration@310fb4d5 testClass = ZoneRepositoryTest, locations = '{}', classes = '{class com.example.stadiumflow.StadiumflowApplication}', contextInitializerClasses = '[]', activeProfiles = '{}', propertySourceLocations = '{}', propertySourceProperties = '{org.springframework.boot.test.autoconfigure.orm.jpa.DataJpaTestContextBootstrapper=true}', contextCustomizers = set[org.springframework.boot.test.autoconfigure.OverrideAutoConfigurationContextCustomizerFactory$DisableAutoConfigurationContextCustomizer@e6342de, org.springframework.boot.test.autoconfigure.actuate.metrics.MetricsExportContextCustomizerFactory$DisableMetricExportContextCustomizer@3ae0b770, org.springframework.boot.test.autoconfigure.filter.TypeExcludeFiltersContextCustomizer@351584c0, org.springframework.boot.test.autoconfigure.properties.PropertyMappingContextCustomizer@c2b3dad9, org.springframework.boot.test.autoconfigure.web.servlet.WebDriverContextCustomizerFactory$Customizer@3659d7b1, [ImportsContextCustomizer@15114c44 key = [org.springframework.boot.autoconfigure.transaction.TransactionAutoConfiguration, org.springframework.boot.autoconfigure.data.jpa.JpaRepositoriesAutoConfiguration, org.springframework.boot.autoconfigure.jdbc.DataSourceAutoConfiguration, org.springframework.boot.test.autoconfigure.orm.jpa.TestEntityManagerAutoConfiguration, org.springframework.boot.autoconfigure.cache.CacheAutoConfiguration, org.springframework.boot.autoconfigure.orm.jpa.HibernateJpaAutoConfiguration, org.springframework.boot.autoconfigure.sql.init.SqlInitializationAutoConfiguration, org.springframework.boot.autoconfigure.jdbc.JdbcTemplateAutoConfiguration, org.springframework.boot.test.autoconfigure.jdbc.TestDatabaseAutoConfiguration, org.springframework.boot.autoconfigure.flyway.FlywayAutoConfiguration, org.springframework.boot.autoconfigure.jdbc.DataSourceTransactionManagerAutoConfiguration, org.springframework.boot.autoconfigure.liquibase.LiquibaseAutoConfiguration]], org.springframework.boot.test.context.filter.ExcludeFilterContextCustomizer@1c758545, org.springframework.boot.test.json.DuplicateJsonObjectContextCustomizerFactory$DuplicateJsonObjectContextCustomizer@3ffb3598, org.springframework.boot.test.mock.mockito.MockitoContextCustomizer@0, org.springframework.boot.test.context.SpringBootTestArgs@1, org.springframework.boot.test.context.SpringBootTestWebEnvironment@0], contextLoader = 'org.springframework.boot.test.context.SpringBootContextLoader', parent = [null]], attributes = map['org.springframework.test.context.event.ApplicationEventsTestExecutionListener.recordApplicationEvents' -> false]]
]]></system-out>
  <system-err><![CDATA[]]></system-err>
</testsuite>
